c:\users\86151\desktop\数据结构\五子棋\五子棋\x64\debug\vc143.pdb
c:\users\86151\desktop\数据结构\五子棋\五子棋\x64\debug\vc143.idb
c:\users\86151\desktop\数据结构\五子棋\五子棋\x64\debug\main.nativecodeanalysis.sarif
c:\users\86151\desktop\数据结构\五子棋\五子棋\x64\debug\main.nativecodeanalysis.xml
c:\users\86151\desktop\数据结构\五子棋\五子棋\x64\debug\service.nativecodeanalysis.sarif
c:\users\86151\desktop\数据结构\五子棋\五子棋\x64\debug\service.nativecodeanalysis.xml
c:\users\86151\desktop\数据结构\五子棋\五子棋\x64\debug\view.nativecodeanalysis.sarif
c:\users\86151\desktop\数据结构\五子棋\五子棋\x64\debug\view.nativecodeanalysis.xml
c:\users\86151\desktop\数据结构\五子棋\五子棋\x64\debug\view.obj
c:\users\86151\desktop\数据结构\五子棋\五子棋\x64\debug\service.obj
c:\users\86151\desktop\数据结构\五子棋\五子棋\x64\debug\main.obj
c:\users\86151\desktop\数据结构\五子棋\x64\debug\五子棋.pdb
c:\users\86151\desktop\数据结构\五子棋\五子棋\x64\debug\五子棋.tlog\cl.command.1.tlog
c:\users\86151\desktop\数据结构\五子棋\五子棋\x64\debug\五子棋.tlog\cl.read.1.tlog
c:\users\86151\desktop\数据结构\五子棋\五子棋\x64\debug\五子棋.tlog\cl.write.1.tlog
c:\users\86151\desktop\数据结构\五子棋\五子棋\x64\debug\五子棋.tlog\link-cvtres.read.1.tlog
c:\users\86151\desktop\数据结构\五子棋\五子棋\x64\debug\五子棋.tlog\link-cvtres.write.1.tlog
c:\users\86151\desktop\数据结构\五子棋\五子棋\x64\debug\五子棋.tlog\link-rc.read.1.tlog
c:\users\86151\desktop\数据结构\五子棋\五子棋\x64\debug\五子棋.tlog\link-rc.write.1.tlog
c:\users\86151\desktop\数据结构\五子棋\五子棋\x64\debug\五子棋.tlog\link.command.1.tlog
c:\users\86151\desktop\数据结构\五子棋\五子棋\x64\debug\五子棋.tlog\link.read.1.tlog
c:\users\86151\desktop\数据结构\五子棋\五子棋\x64\debug\五子棋.tlog\link.read.2.tlog
c:\users\86151\desktop\数据结构\五子棋\五子棋\x64\debug\五子棋.tlog\link.write.1.tlog
